
 2024-03-14 16:30:47,882   [86]   ERROR  WriteException  IMPALWeb.Receipts 
System.Data.SqlClient.SqlException (0x80131904): Incorrect syntax near 'PDC_Register'.
Incorrect syntax near the keyword 'with'. If this statement is a common table expression, an xmlnamespaces clause or a change tracking context clause, the previous statement must be terminated with a semicolon.
Incorrect syntax near the keyword 'with'. If this statement is a common table expression, an xmlnamespaces clause or a change tracking context clause, the previous statement must be terminated with a semicolon.
   at System.Data.SqlClient.SqlConnection.OnError(SqlException exception, Boolean breakConnection, Action`1 wrapCloseInAction)
   at System.Data.SqlClient.SqlInternalConnection.OnError(SqlException exception, Boolean breakConnection, Action`1 wrapCloseInAction)
   at System.Data.SqlClient.TdsParser.ThrowExceptionAndWarning(TdsParserStateObject stateObj, Boolean callerHasConnectionLock, Boolean asyncClose)
   at System.Data.SqlClient.TdsParser.TryRun(RunBehavior runBehavior, SqlCommand cmdHandler, SqlDataReader dataStream, BulkCopySimpleResultSet bulkCopyHandler, TdsParserStateObject stateObj, Boolean& dataReady)
   at System.Data.SqlClient.SqlDataReader.TryConsumeMetaData()
   at System.Data.SqlClient.SqlDataReader.get_MetaData()
   at System.Data.SqlClient.SqlCommand.FinishExecuteReader(SqlDataReader ds, RunBehavior runBehavior, String resetOptionsString, Boolean isInternal, Boolean forDescribeParameterEncryption, Boolean shouldCacheForAlwaysEncrypted)
   at System.Data.SqlClient.SqlCommand.RunExecuteReaderTds(CommandBehavior cmdBehavior, RunBehavior runBehavior, Boolean returnStream, Boolean async, Int32 timeout, Task& task, Boolean asyncWrite, Boolean inRetry, SqlDataReader ds, Boolean describeParameterEncryptionRequest)
   at System.Data.SqlClient.SqlCommand.RunExecuteReader(CommandBehavior cmdBehavior, RunBehavior runBehavior, Boolean returnStream, String method, TaskCompletionSource`1 completion, Int32 timeout, Task& task, Boolean& usedCache, Boolean asyncWrite, Boolean inRetry)
   at System.Data.SqlClient.SqlCommand.RunExecuteReader(CommandBehavior cmdBehavior, RunBehavior runBehavior, Boolean returnStream, String method)
   at System.Data.SqlClient.SqlCommand.ExecuteReader(CommandBehavior behavior, String method)
   at System.Data.SqlClient.SqlCommand.ExecuteDbDataReader(CommandBehavior behavior)
   at System.Data.Common.DbCommand.ExecuteReader(CommandBehavior behavior)
   at Microsoft.Practices.EnterpriseLibrary.Data.Database.DoExecuteReader(DbCommand command, CommandBehavior cmdBehavior)
   at Microsoft.Practices.EnterpriseLibrary.Data.Database.ExecuteReader(DbCommand command)
   at IMPALLibrary.Masters.Customers.GetAllCustomersPDCRegister(String strBranchCode) in D:\Ashok Builds\Builds\IMPAL_Source_Latest_Online\IMPALLibrary\Masters\Customer\Customer.cs:line 207
   at IMPALWeb.PDCRegister.imgEditToggle_Click(Object sender, EventArgs e) in D:\Ashok Builds\Builds\IMPAL_Source_Latest_Online\IMPALWeb\Transactions\Finance\Receivable\PDCRegister.aspx.cs:line 175
ClientConnectionId:9357cec9-01de-4f8d-9dee-c6be0ad68dcd
Error Number:102,State:1,Class:15

 2024-03-14 16:32:42,790   [86]   ERROR  WriteException  IMPALWeb.Receipts 
System.Data.SqlClient.SqlException (0x80131904): Incorrect syntax near 'PDC_Register'.
Incorrect syntax near the keyword 'with'. If this statement is a common table expression, an xmlnamespaces clause or a change tracking context clause, the previous statement must be terminated with a semicolon.
Incorrect syntax near the keyword 'with'. If this statement is a common table expression, an xmlnamespaces clause or a change tracking context clause, the previous statement must be terminated with a semicolon.
   at System.Data.SqlClient.SqlConnection.OnError(SqlException exception, Boolean breakConnection, Action`1 wrapCloseInAction)
   at System.Data.SqlClient.SqlInternalConnection.OnError(SqlException exception, Boolean breakConnection, Action`1 wrapCloseInAction)
   at System.Data.SqlClient.TdsParser.ThrowExceptionAndWarning(TdsParserStateObject stateObj, Boolean callerHasConnectionLock, Boolean asyncClose)
   at System.Data.SqlClient.TdsParser.TryRun(RunBehavior runBehavior, SqlCommand cmdHandler, SqlDataReader dataStream, BulkCopySimpleResultSet bulkCopyHandler, TdsParserStateObject stateObj, Boolean& dataReady)
   at System.Data.SqlClient.SqlDataReader.TryConsumeMetaData()
   at System.Data.SqlClient.SqlDataReader.get_MetaData()
   at System.Data.SqlClient.SqlCommand.FinishExecuteReader(SqlDataReader ds, RunBehavior runBehavior, String resetOptionsString, Boolean isInternal, Boolean forDescribeParameterEncryption, Boolean shouldCacheForAlwaysEncrypted)
   at System.Data.SqlClient.SqlCommand.RunExecuteReaderTds(CommandBehavior cmdBehavior, RunBehavior runBehavior, Boolean returnStream, Boolean async, Int32 timeout, Task& task, Boolean asyncWrite, Boolean inRetry, SqlDataReader ds, Boolean describeParameterEncryptionRequest)
   at System.Data.SqlClient.SqlCommand.RunExecuteReader(CommandBehavior cmdBehavior, RunBehavior runBehavior, Boolean returnStream, String method, TaskCompletionSource`1 completion, Int32 timeout, Task& task, Boolean& usedCache, Boolean asyncWrite, Boolean inRetry)
   at System.Data.SqlClient.SqlCommand.RunExecuteReader(CommandBehavior cmdBehavior, RunBehavior runBehavior, Boolean returnStream, String method)
   at System.Data.SqlClient.SqlCommand.ExecuteReader(CommandBehavior behavior, String method)
   at System.Data.SqlClient.SqlCommand.ExecuteDbDataReader(CommandBehavior behavior)
   at System.Data.Common.DbCommand.ExecuteReader(CommandBehavior behavior)
   at Microsoft.Practices.EnterpriseLibrary.Data.Database.DoExecuteReader(DbCommand command, CommandBehavior cmdBehavior)
   at Microsoft.Practices.EnterpriseLibrary.Data.Database.ExecuteReader(DbCommand command)
   at IMPALLibrary.Masters.Customers.GetAllCustomersPDCRegister(String strBranchCode) in D:\Ashok Builds\Builds\IMPAL_Source_Latest_Online\IMPALLibrary\Masters\Customer\Customer.cs:line 207
   at IMPALWeb.PDCRegister.imgEditToggle_Click(Object sender, EventArgs e) in D:\Ashok Builds\Builds\IMPAL_Source_Latest_Online\IMPALWeb\Transactions\Finance\Receivable\PDCRegister.aspx.cs:line 175
ClientConnectionId:9357cec9-01de-4f8d-9dee-c6be0ad68dcd
Error Number:102,State:1,Class:15

 2024-03-14 16:34:49,587   [80]   ERROR  WriteException  IMPALWeb.Receipts 
System.Data.SqlClient.SqlException (0x80131904): Column 'Customer_Master.Location' is invalid in the select list because it is not contained in either an aggregate function or the GROUP BY clause.
   at System.Data.SqlClient.SqlConnection.OnError(SqlException exception, Boolean breakConnection, Action`1 wrapCloseInAction)
   at System.Data.SqlClient.SqlInternalConnection.OnError(SqlException exception, Boolean breakConnection, Action`1 wrapCloseInAction)
   at System.Data.SqlClient.TdsParser.ThrowExceptionAndWarning(TdsParserStateObject stateObj, Boolean callerHasConnectionLock, Boolean asyncClose)
   at System.Data.SqlClient.TdsParser.TryRun(RunBehavior runBehavior, SqlCommand cmdHandler, SqlDataReader dataStream, BulkCopySimpleResultSet bulkCopyHandler, TdsParserStateObject stateObj, Boolean& dataReady)
   at System.Data.SqlClient.SqlDataReader.TryConsumeMetaData()
   at System.Data.SqlClient.SqlDataReader.get_MetaData()
   at System.Data.SqlClient.SqlCommand.FinishExecuteReader(SqlDataReader ds, RunBehavior runBehavior, String resetOptionsString, Boolean isInternal, Boolean forDescribeParameterEncryption, Boolean shouldCacheForAlwaysEncrypted)
   at System.Data.SqlClient.SqlCommand.RunExecuteReaderTds(CommandBehavior cmdBehavior, RunBehavior runBehavior, Boolean returnStream, Boolean async, Int32 timeout, Task& task, Boolean asyncWrite, Boolean inRetry, SqlDataReader ds, Boolean describeParameterEncryptionRequest)
   at System.Data.SqlClient.SqlCommand.RunExecuteReader(CommandBehavior cmdBehavior, RunBehavior runBehavior, Boolean returnStream, String method, TaskCompletionSource`1 completion, Int32 timeout, Task& task, Boolean& usedCache, Boolean asyncWrite, Boolean inRetry)
   at System.Data.SqlClient.SqlCommand.RunExecuteReader(CommandBehavior cmdBehavior, RunBehavior runBehavior, Boolean returnStream, String method)
   at System.Data.SqlClient.SqlCommand.ExecuteReader(CommandBehavior behavior, String method)
   at System.Data.SqlClient.SqlCommand.ExecuteDbDataReader(CommandBehavior behavior)
   at System.Data.Common.DbCommand.ExecuteReader(CommandBehavior behavior)
   at Microsoft.Practices.EnterpriseLibrary.Data.Database.DoExecuteReader(DbCommand command, CommandBehavior cmdBehavior)
   at Microsoft.Practices.EnterpriseLibrary.Data.Database.ExecuteReader(DbCommand command)
   at IMPALLibrary.Masters.Customers.GetAllCustomersPDCRegister(String strBranchCode) in D:\Ashok Builds\Builds\IMPAL_Source_Latest_Online\IMPALLibrary\Masters\Customer\Customer.cs:line 207
   at IMPALWeb.PDCRegister.imgEditToggle_Click(Object sender, EventArgs e) in D:\Ashok Builds\Builds\IMPAL_Source_Latest_Online\IMPALWeb\Transactions\Finance\Receivable\PDCRegister.aspx.cs:line 175
ClientConnectionId:ddc86c72-b85d-4d0e-8593-35849559c8b4
Error Number:8120,State:1,Class:16

 2024-03-14 16:37:05,095   [86]   ERROR  WriteException  IMPALWeb.SalesInvoiceEntry 
System.Data.SqlClient.SqlException (0x80131904): Procedure or function 'Usp_GetPDC_ChequeEntryDetails' expects parameter '@Cheque_Bank', which was not supplied.
   at System.Data.SqlClient.SqlConnection.OnError(SqlException exception, Boolean breakConnection, Action`1 wrapCloseInAction)
   at System.Data.SqlClient.SqlInternalConnection.OnError(SqlException exception, Boolean breakConnection, Action`1 wrapCloseInAction)
   at System.Data.SqlClient.TdsParser.ThrowExceptionAndWarning(TdsParserStateObject stateObj, Boolean callerHasConnectionLock, Boolean asyncClose)
   at System.Data.SqlClient.TdsParser.TryRun(RunBehavior runBehavior, SqlCommand cmdHandler, SqlDataReader dataStream, BulkCopySimpleResultSet bulkCopyHandler, TdsParserStateObject stateObj, Boolean& dataReady)
   at System.Data.SqlClient.SqlDataReader.TryConsumeMetaData()
   at System.Data.SqlClient.SqlDataReader.get_MetaData()
   at System.Data.SqlClient.SqlCommand.FinishExecuteReader(SqlDataReader ds, RunBehavior runBehavior, String resetOptionsString, Boolean isInternal, Boolean forDescribeParameterEncryption, Boolean shouldCacheForAlwaysEncrypted)
   at System.Data.SqlClient.SqlCommand.RunExecuteReaderTds(CommandBehavior cmdBehavior, RunBehavior runBehavior, Boolean returnStream, Boolean async, Int32 timeout, Task& task, Boolean asyncWrite, Boolean inRetry, SqlDataReader ds, Boolean describeParameterEncryptionRequest)
   at System.Data.SqlClient.SqlCommand.RunExecuteReader(CommandBehavior cmdBehavior, RunBehavior runBehavior, Boolean returnStream, String method, TaskCompletionSource`1 completion, Int32 timeout, Task& task, Boolean& usedCache, Boolean asyncWrite, Boolean inRetry)
   at System.Data.SqlClient.SqlCommand.RunExecuteReader(CommandBehavior cmdBehavior, RunBehavior runBehavior, Boolean returnStream, String method)
   at System.Data.SqlClient.SqlCommand.ExecuteReader(CommandBehavior behavior, String method)
   at System.Data.SqlClient.SqlCommand.ExecuteDbDataReader(CommandBehavior behavior)
   at System.Data.Common.DbCommand.System.Data.IDbCommand.ExecuteReader(CommandBehavior behavior)
   at System.Data.Common.DbDataAdapter.FillInternal(DataSet dataset, DataTable[] datatables, Int32 startRecord, Int32 maxRecords, String srcTable, IDbCommand command, CommandBehavior behavior)
   at System.Data.Common.DbDataAdapter.Fill(DataSet dataSet, Int32 startRecord, Int32 maxRecords, String srcTable, IDbCommand command, CommandBehavior behavior)
   at System.Data.Common.DbDataAdapter.Fill(DataSet dataSet)
   at Microsoft.Practices.EnterpriseLibrary.Data.Database.DoLoadDataSet(IDbCommand command, DataSet dataSet, String[] tableNames)
   at Microsoft.Practices.EnterpriseLibrary.Data.Database.LoadDataSet(DbCommand command, DataSet dataSet, String[] tableNames)
   at Microsoft.Practices.EnterpriseLibrary.Data.Database.LoadDataSet(DbCommand command, DataSet dataSet, String tableName)
   at Microsoft.Practices.EnterpriseLibrary.Data.Database.ExecuteDataSet(DbCommand command)
   at IMPALLibrary.ReceiptTransactions.GetExistingPDCchequeEntryDetails(String BranchCode, String strCustomerCode, String strChequeNumber, String strChequeBank, String strChequeAmount, String strBank, String AccountingPeriod) in D:\Ashok Builds\Builds\IMPAL_Source_Latest_Online\IMPALLibrary\Transactions\Finance\ReceivableReceipts.cs:line 962
   at IMPALWeb.PDCRegister.txtChequeNumber_OnTextChanged(Object sender, EventArgs e) in D:\Ashok Builds\Builds\IMPAL_Source_Latest_Online\IMPALWeb\Transactions\Finance\Receivable\PDCRegister.aspx.cs:line 228
ClientConnectionId:d9ce3e68-5c3b-42f1-859f-393e4c9412ad
Error Number:201,State:4,Class:16

 2024-03-14 18:13:58,170   [46]   ERROR  WriteException  IMPALWeb.PDCRegister 
System.Data.SqlClient.SqlException (0x80131904): Column name or number of supplied values does not match table definition.
   at IMPALLibrary.ReceiptTransactions.AddNewPDCRegister(ReceiptEntity& receiptEntity) in D:\Ashok Builds\Builds\IMPAL_Source_Latest_Online\IMPALLibrary\Transactions\Finance\ReceivableReceipts.cs:line 889
   at IMPALWeb.PDCRegister.SubmitHeaderAndItems() in D:\Ashok Builds\Builds\IMPAL_Source_Latest_Online\IMPALWeb\Transactions\Finance\Receivable\PDCRegister.aspx.cs:line 374
ClientConnectionId:e9a74f30-49b6-4cc4-9223-84930fa2a1fc
Error Number:213,State:1,Class:16

 2024-03-14 18:13:58,245   [46]   ERROR  WriteException  IMPALWeb.PDCRegister 
System.Data.SqlClient.SqlException (0x80131904): Column name or number of supplied values does not match table definition.
   at IMPALLibrary.Log.WriteException(Type Source, Exception exp) in D:\Ashok Builds\Builds\IMPAL_Source_Latest_Online\IMPALLibrary\ApplicationLog\LogHandler.cs:line 43
   at IMPALWeb.PDCRegister.SubmitHeaderAndItems() in D:\Ashok Builds\Builds\IMPAL_Source_Latest_Online\IMPALWeb\Transactions\Finance\Receivable\PDCRegister.aspx.cs:line 396
   at IMPALWeb.PDCRegister.BtnSubmit_Click(Object sender, EventArgs e) in D:\Ashok Builds\Builds\IMPAL_Source_Latest_Online\IMPALWeb\Transactions\Finance\Receivable\PDCRegister.aspx.cs:line 76
ClientConnectionId:e9a74f30-49b6-4cc4-9223-84930fa2a1fc
Error Number:213,State:1,Class:16

 2024-03-14 19:01:39,577   [12]   ERROR  WriteException  IMPALWeb.PDCRegister 
System.NullReferenceException: Object reference not set to an instance of an object.
   at IMPALWeb.PDCRegister.Page_Load(Object sender, EventArgs e) in D:\Ashok Builds\Builds\IMPAL_Source_Latest_Online\IMPALWeb\Transactions\Finance\Receivable\PDCRegister.aspx.cs:line 42
