
 2025-01-19 22:50:22,162   [84]   ERROR  WriteException  IMPALWeb.SalesInvoiceEntry 
System.ArgumentOutOfRangeException: 'ddlModeOfReceipt' has a SelectedIndex which is invalid because it does not exist in the list of items.
Parameter name: value
   at System.Web.UI.WebControls.ListControl.set_SelectedIndex(Int32 value)
   at IMPALWeb.Finance.CashAndBankReceiptNew.ddlCBReceiptType_OnSelectedIndexChanged(Object sender, EventArgs e) in E:\Ashok Builds\Builds\IMPAL_Source_Latest_Online\IMPALWeb\Transactions\Finance\CashAndBank\CashAndBankReceiptNew.aspx.cs:line 336

 2025-01-19 22:52:12,525   [32]   ERROR  WriteException  IMPALWeb.SalesInvoiceEntry 
System.ArgumentOutOfRangeException: 'ddlModeOfReceipt' has a SelectedIndex which is invalid because it does not exist in the list of items.
Parameter name: value
   at System.Web.UI.WebControls.ListControl.set_SelectedIndex(Int32 value)
   at IMPALWeb.Finance.CashAndBankReceiptNew.ddlCBReceiptType_OnSelectedIndexChanged(Object sender, EventArgs e) in E:\Ashok Builds\Builds\IMPAL_Source_Latest_Online\IMPALWeb\Transactions\Finance\CashAndBank\CashAndBankReceiptNew.aspx.cs:line 335

 2025-01-19 23:03:52,505   [21]   ERROR  WriteException  IMPALWeb.Receipts 
System.Data.SqlClient.SqlException (0x80131904): Could not find stored procedure 'usp_GetCustDetails_WithChqDishonorStatus'.
   at System.Data.SqlClient.SqlConnection.OnError(SqlException exception, Boolean breakConnection, Action`1 wrapCloseInAction)
   at System.Data.SqlClient.TdsParser.ThrowExceptionAndWarning(TdsParserStateObject stateObj, Boolean callerHasConnectionLock, Boolean asyncClose)
   at System.Data.SqlClient.TdsParser.TryRun(RunBehavior runBehavior, SqlCommand cmdHandler, SqlDataReader dataStream, BulkCopySimpleResultSet bulkCopyHandler, TdsParserStateObject stateObj, Boolean& dataReady)
   at System.Data.SqlClient.SqlDataReader.TryConsumeMetaData()
   at System.Data.SqlClient.SqlDataReader.get_MetaData()
   at System.Data.SqlClient.SqlCommand.FinishExecuteReader(SqlDataReader ds, RunBehavior runBehavior, String resetOptionsString, Boolean isInternal, Boolean forDescribeParameterEncryption, Boolean shouldCacheForAlwaysEncrypted)
   at System.Data.SqlClient.SqlCommand.RunExecuteReaderTds(CommandBehavior cmdBehavior, RunBehavior runBehavior, Boolean returnStream, Boolean async, Int32 timeout, Task& task, Boolean asyncWrite, Boolean inRetry, SqlDataReader ds, Boolean describeParameterEncryptionRequest)
   at System.Data.SqlClient.SqlCommand.RunExecuteReader(CommandBehavior cmdBehavior, RunBehavior runBehavior, Boolean returnStream, String method, TaskCompletionSource`1 completion, Int32 timeout, Task& task, Boolean& usedCache, Boolean asyncWrite, Boolean inRetry)
   at System.Data.SqlClient.SqlCommand.RunExecuteReader(CommandBehavior cmdBehavior, RunBehavior runBehavior, Boolean returnStream, String method)
   at System.Data.SqlClient.SqlCommand.ExecuteReader(CommandBehavior behavior, String method)
   at Microsoft.Practices.EnterpriseLibrary.Data.Database.DoExecuteReader(DbCommand command, CommandBehavior cmdBehavior)
   at Microsoft.Practices.EnterpriseLibrary.Data.Database.ExecuteReader(DbCommand command)
   at IMPALLibrary.ReceivableInvoice.GetCustomerInfoChqDishonorByCustomerCode(String strCustomerCode, String strBranchCode)
   at IMPALWeb.Finance.CashAndBankReceiptNew.ddlCustomer_OnSelectedIndexChanged(Object sender, EventArgs e) in E:\Ashok Builds\Builds\IMPAL_Source_Latest_Online\IMPALWeb\Transactions\Finance\CashAndBank\CashAndBankReceiptNew.aspx.cs:line 443
ClientConnectionId:a08ab6bd-7538-4eb6-8402-b6b7de7a0ca7
Error Number:2812,State:62,Class:16
