
 2023-11-22 14:39:49,925   [74]   ERROR  WriteException  IMPALWeb.Reports.Finance.General_Ledger.GeneralLedgerHoLive 
System.Threading.ThreadAbortException: Thread was being aborted.
   at System.Threading.Thread.AbortInternal()
   at System.Threading.Thread.Abort(Object stateInfo)
   at System.Web.HttpResponse.AbortCurrentThread()
   at IMPALWeb.Reports.Finance.General_Ledger.GeneralLedgerHoLive.ExportDataSetToExcel(DataSet ds, String strReportName) in E:\Ashok\Builds\IMPAL_Source_Latest_Online\IMPALWeb\HOreports\Finance\General Ledger\GeneralLedgerHoLive.aspx.cs:line 546
   at IMPALWeb.Reports.Finance.General_Ledger.GeneralLedgerHoLive.btnReport_Click(Object sender, EventArgs e) in E:\Ashok\Builds\IMPAL_Source_Latest_Online\IMPALWeb\HOreports\Finance\General Ledger\GeneralLedgerHoLive.aspx.cs:line 498

 2023-11-22 17:58:52,100   [44]   ERROR  WriteException  IMPALWeb.Reports.Finance.General_Ledger.GeneralLedgerHoLive 
System.ArgumentOutOfRangeException: 'ddlBranch' has a SelectedValue which is invalid because it does not exist in the list of items.
Parameter name: value
   at System.Web.UI.WebControls.ListControl.set_SelectedValue(String value)
   at IMPALWeb.Reports.Finance.General_Ledger.GeneralLedgerHoLive.btnReport_Click(Object sender, EventArgs e) in E:\Ashok\Builds\IMPAL_Source_Latest_Online\IMPALWeb\HOreports\Finance\General Ledger\GeneralLedgerHoLive.aspx.cs:line 523

 2023-11-22 17:59:47,642   [41]   ERROR  WriteException  IMPALWeb.Reports.Finance.General_Ledger.GeneralLedgerHoLive 
System.ArgumentOutOfRangeException: 'ddlBranch' has a SelectedValue which is invalid because it does not exist in the list of items.
Parameter name: value
   at System.Web.UI.WebControls.ListControl.set_SelectedValue(String value)
   at IMPALWeb.Reports.Finance.General_Ledger.GeneralLedgerHoLive.btnReport_Click(Object sender, EventArgs e) in E:\Ashok\Builds\IMPAL_Source_Latest_Online\IMPALWeb\HOreports\Finance\General Ledger\GeneralLedgerHoLive.aspx.cs:line 523

 2023-11-22 18:01:39,393   [35]   ERROR  WriteException  IMPALLibrary.Masters.Finance 
System.Data.SqlClient.SqlException (0x80131904): Procedure or function 'usp_calglos_HO_Live' expects parameter '@Zone_Code', which was not supplied.
   at System.Data.SqlClient.SqlConnection.OnError(SqlException exception, Boolean breakConnection, Action`1 wrapCloseInAction)
   at System.Data.SqlClient.TdsParser.ThrowExceptionAndWarning(TdsParserStateObject stateObj, Boolean callerHasConnectionLock, Boolean asyncClose)
   at System.Data.SqlClient.TdsParser.TryRun(RunBehavior runBehavior, SqlCommand cmdHandler, SqlDataReader dataStream, BulkCopySimpleResultSet bulkCopyHandler, TdsParserStateObject stateObj, Boolean& dataReady)
   at System.Data.SqlClient.SqlDataReader.TryConsumeMetaData()
   at System.Data.SqlClient.SqlDataReader.get_MetaData()
   at System.Data.SqlClient.SqlCommand.FinishExecuteReader(SqlDataReader ds, RunBehavior runBehavior, String resetOptionsString, Boolean isInternal, Boolean forDescribeParameterEncryption, Boolean shouldCacheForAlwaysEncrypted)
   at System.Data.SqlClient.SqlCommand.RunExecuteReaderTds(CommandBehavior cmdBehavior, RunBehavior runBehavior, Boolean returnStream, Boolean async, Int32 timeout, Task& task, Boolean asyncWrite, Boolean inRetry, SqlDataReader ds, Boolean describeParameterEncryptionRequest)
   at System.Data.SqlClient.SqlCommand.RunExecuteReader(CommandBehavior cmdBehavior, RunBehavior runBehavior, Boolean returnStream, String method, TaskCompletionSource`1 completion, Int32 timeout, Task& task, Boolean& usedCache, Boolean asyncWrite, Boolean inRetry)
   at System.Data.SqlClient.SqlCommand.RunExecuteReader(CommandBehavior cmdBehavior, RunBehavior runBehavior, Boolean returnStream, String method)
   at System.Data.SqlClient.SqlCommand.ExecuteReader(CommandBehavior behavior, String method)
   at System.Data.Common.DbDataAdapter.FillInternal(DataSet dataset, DataTable[] datatables, Int32 startRecord, Int32 maxRecords, String srcTable, IDbCommand command, CommandBehavior behavior)
   at System.Data.Common.DbDataAdapter.Fill(DataSet dataSet, Int32 startRecord, Int32 maxRecords, String srcTable, IDbCommand command, CommandBehavior behavior)
   at System.Data.Common.DbDataAdapter.Fill(DataSet dataSet)
   at Microsoft.Practices.EnterpriseLibrary.Data.Database.DoLoadDataSet(IDbCommand command, DataSet dataSet, String[] tableNames)
   at Microsoft.Practices.EnterpriseLibrary.Data.Database.LoadDataSet(DbCommand command, DataSet dataSet, String[] tableNames)
   at Microsoft.Practices.EnterpriseLibrary.Data.Database.ExecuteDataSet(DbCommand command)
   at IMPALLibrary.Masters.Finance.CalculateGeneralLedgerHoLive(FinanceProp Prop, String ZoneCode, String StateCode, String BranchCode) in E:\Ashok\Builds\IMPAL_Source_Latest_Online\IMPALLibrary\Masters\Finance\Finance.cs:line 936
ClientConnectionId:274bdee9-2c77-4c58-8359-64bca6b23659
Error Number:201,State:4,Class:16

 2023-11-22 18:01:39,452   [35]   ERROR  WriteException  IMPALWeb.Reports.Finance.General_Ledger.GeneralLedgerHoLive 
System.Data.SqlClient.SqlException (0x80131904): Procedure or function 'usp_calglos_HO_Live' expects parameter '@Zone_Code', which was not supplied.
   at IMPALLibrary.Log.WriteException(Type Source, Exception exp) in E:\Ashok\Builds\IMPAL_Source_Latest_Online\IMPALLibrary\ApplicationLog\LogHandler.cs:line 44
   at IMPALLibrary.Masters.Finance.CalculateGeneralLedgerHoLive(FinanceProp Prop, String ZoneCode, String StateCode, String BranchCode) in E:\Ashok\Builds\IMPAL_Source_Latest_Online\IMPALLibrary\Masters\Finance\Finance.cs:line 940
   at IMPALWeb.Reports.Finance.General_Ledger.GeneralLedgerHoLive.btnReport_Click(Object sender, EventArgs e) in E:\Ashok\Builds\IMPAL_Source_Latest_Online\IMPALWeb\HOreports\Finance\General Ledger\GeneralLedgerHoLive.aspx.cs:line 521
ClientConnectionId:274bdee9-2c77-4c58-8359-64bca6b23659
Error Number:201,State:4,Class:16

 2023-11-22 18:10:35,341   [44]   ERROR  WriteException  IMPALLibrary.Masters.Finance 
System.Data.SqlClient.SqlException (0x80131904): String or binary data would be truncated.
String or binary data would be truncated.
The statement has been terminated.
The statement has been terminated.
   at System.Data.SqlClient.SqlConnection.OnError(SqlException exception, Boolean breakConnection, Action`1 wrapCloseInAction)
   at System.Data.SqlClient.TdsParser.ThrowExceptionAndWarning(TdsParserStateObject stateObj, Boolean callerHasConnectionLock, Boolean asyncClose)
   at System.Data.SqlClient.TdsParser.TryRun(RunBehavior runBehavior, SqlCommand cmdHandler, SqlDataReader dataStream, BulkCopySimpleResultSet bulkCopyHandler, TdsParserStateObject stateObj, Boolean& dataReady)
   at System.Data.SqlClient.SqlDataReader.TrySetMetaData(_SqlMetaDataSet metaData, Boolean moreInfo)
   at System.Data.SqlClient.TdsParser.TryRun(RunBehavior runBehavior, SqlCommand cmdHandler, SqlDataReader dataStream, BulkCopySimpleResultSet bulkCopyHandler, TdsParserStateObject stateObj, Boolean& dataReady)
   at System.Data.SqlClient.SqlDataReader.TryConsumeMetaData()
   at System.Data.SqlClient.SqlDataReader.get_MetaData()
   at System.Data.SqlClient.SqlCommand.FinishExecuteReader(SqlDataReader ds, RunBehavior runBehavior, String resetOptionsString, Boolean isInternal, Boolean forDescribeParameterEncryption, Boolean shouldCacheForAlwaysEncrypted)
   at System.Data.SqlClient.SqlCommand.RunExecuteReaderTds(CommandBehavior cmdBehavior, RunBehavior runBehavior, Boolean returnStream, Boolean async, Int32 timeout, Task& task, Boolean asyncWrite, Boolean inRetry, SqlDataReader ds, Boolean describeParameterEncryptionRequest)
   at System.Data.SqlClient.SqlCommand.RunExecuteReader(CommandBehavior cmdBehavior, RunBehavior runBehavior, Boolean returnStream, String method, TaskCompletionSource`1 completion, Int32 timeout, Task& task, Boolean& usedCache, Boolean asyncWrite, Boolean inRetry)
   at System.Data.SqlClient.SqlCommand.RunExecuteReader(CommandBehavior cmdBehavior, RunBehavior runBehavior, Boolean returnStream, String method)
   at System.Data.SqlClient.SqlCommand.ExecuteReader(CommandBehavior behavior, String method)
   at System.Data.Common.DbDataAdapter.FillInternal(DataSet dataset, DataTable[] datatables, Int32 startRecord, Int32 maxRecords, String srcTable, IDbCommand command, CommandBehavior behavior)
   at System.Data.Common.DbDataAdapter.Fill(DataSet dataSet, Int32 startRecord, Int32 maxRecords, String srcTable, IDbCommand command, CommandBehavior behavior)
   at System.Data.Common.DbDataAdapter.Fill(DataSet dataSet)
   at Microsoft.Practices.EnterpriseLibrary.Data.Database.DoLoadDataSet(IDbCommand command, DataSet dataSet, String[] tableNames)
   at Microsoft.Practices.EnterpriseLibrary.Data.Database.LoadDataSet(DbCommand command, DataSet dataSet, String[] tableNames)
   at Microsoft.Practices.EnterpriseLibrary.Data.Database.ExecuteDataSet(DbCommand command)
   at IMPALLibrary.Masters.Finance.CalculateGeneralLedgerHoLive(FinanceProp Prop, String ZoneCode, String StateCode, String BranchCode) in E:\Ashok\Builds\IMPAL_Source_Latest_Online\IMPALLibrary\Masters\Finance\Finance.cs:line 936
ClientConnectionId:8d035bd2-3dc7-4bbc-b656-45546f442028
Error Number:8152,State:30,Class:16

 2023-11-22 18:10:35,536   [44]   ERROR  WriteException  IMPALWeb.Reports.Finance.General_Ledger.GeneralLedgerHoLive 
System.Data.SqlClient.SqlException (0x80131904): String or binary data would be truncated.
String or binary data would be truncated.
The statement has been terminated.
The statement has been terminated.
   at IMPALLibrary.Log.WriteException(Type Source, Exception exp) in E:\Ashok\Builds\IMPAL_Source_Latest_Online\IMPALLibrary\ApplicationLog\LogHandler.cs:line 44
   at IMPALLibrary.Masters.Finance.CalculateGeneralLedgerHoLive(FinanceProp Prop, String ZoneCode, String StateCode, String BranchCode) in E:\Ashok\Builds\IMPAL_Source_Latest_Online\IMPALLibrary\Masters\Finance\Finance.cs:line 940
   at IMPALWeb.Reports.Finance.General_Ledger.GeneralLedgerHoLive.btnReport_Click(Object sender, EventArgs e) in E:\Ashok\Builds\IMPAL_Source_Latest_Online\IMPALWeb\HOreports\Finance\General Ledger\GeneralLedgerHoLive.aspx.cs:line 521
ClientConnectionId:8d035bd2-3dc7-4bbc-b656-45546f442028
Error Number:8152,State:30,Class:16

 2023-11-22 18:19:36,364   [44]   ERROR  WriteException  IMPALWeb.Reports.Finance.General_Ledger.GeneralLedgerHoLive 
System.IndexOutOfRangeException: Cannot find table 0.
   at System.Data.DataTableCollection.get_Item(Int32 index)
   at IMPALWeb.Reports.Finance.General_Ledger.GeneralLedgerHoLive.btnReport_Click(Object sender, EventArgs e) in E:\Ashok\Builds\IMPAL_Source_Latest_Online\IMPALWeb\HOreports\Finance\General Ledger\GeneralLedgerHoLive.aspx.cs:line 538

 2023-11-22 18:24:15,026   [6]   ERROR  WriteException  IMPALWeb.Reports.Finance.General_Ledger.GeneralLedgerHoLive 
System.Threading.ThreadAbortException: Thread was being aborted.
   at System.Threading.Thread.AbortInternal()
   at System.Threading.Thread.Abort(Object stateInfo)
   at System.Web.HttpResponse.AbortCurrentThread()
   at IMPALWeb.Reports.Finance.General_Ledger.GeneralLedgerHoLive.ExportDataSetToExcel(DataSet ds, String strReportName) in E:\Ashok\Builds\IMPAL_Source_Latest_Online\IMPALWeb\HOreports\Finance\General Ledger\GeneralLedgerHoLive.aspx.cs:line 588
   at IMPALWeb.Reports.Finance.General_Ledger.GeneralLedgerHoLive.btnReport_Click(Object sender, EventArgs e) in E:\Ashok\Builds\IMPAL_Source_Latest_Online\IMPALWeb\HOreports\Finance\General Ledger\GeneralLedgerHoLive.aspx.cs:line 540

 2023-11-22 18:25:35,073   [8]   ERROR  WriteException  IMPALWeb.Reports.Finance.General_Ledger.GeneralLedgerHoLive 
System.Threading.ThreadAbortException: Thread was being aborted.
   at System.Threading.Thread.AbortInternal()
   at System.Threading.Thread.Abort(Object stateInfo)
   at System.Web.HttpResponse.AbortCurrentThread()
   at IMPALWeb.Reports.Finance.General_Ledger.GeneralLedgerHoLive.ExportDataSetToExcel(DataSet ds, String strReportName) in E:\Ashok\Builds\IMPAL_Source_Latest_Online\IMPALWeb\HOreports\Finance\General Ledger\GeneralLedgerHoLive.aspx.cs:line 588
   at IMPALWeb.Reports.Finance.General_Ledger.GeneralLedgerHoLive.btnReport_Click(Object sender, EventArgs e) in E:\Ashok\Builds\IMPAL_Source_Latest_Online\IMPALWeb\HOreports\Finance\General Ledger\GeneralLedgerHoLive.aspx.cs:line 540

 2023-11-22 18:36:57,790   [6]   ERROR  WriteException  IMPALWeb.Reports.Finance.General_Ledger.GeneralLedgerHoLive 
System.Threading.ThreadAbortException: Thread was being aborted.
   at System.Threading.Thread.AbortInternal()
   at System.Threading.Thread.Abort(Object stateInfo)
   at System.Web.HttpResponse.AbortCurrentThread()
   at IMPALWeb.Reports.Finance.General_Ledger.GeneralLedgerHoLive.ExportDataSetToExcel(DataSet ds, String strReportName) in E:\Ashok\Builds\IMPAL_Source_Latest_Online\IMPALWeb\HOreports\Finance\General Ledger\GeneralLedgerHoLive.aspx.cs:line 588
   at IMPALWeb.Reports.Finance.General_Ledger.GeneralLedgerHoLive.btnReport_Click(Object sender, EventArgs e) in E:\Ashok\Builds\IMPAL_Source_Latest_Online\IMPALWeb\HOreports\Finance\General Ledger\GeneralLedgerHoLive.aspx.cs:line 540
