
 2023-11-21 16:32:28,669   [110]   ERROR  WriteException  IMPALWeb.Reports.Finance.General_Ledger.GeneralLedgerHoLive 
System.Threading.ThreadAbortException: Thread was being aborted.
   at System.Threading.Thread.AbortInternal()
   at System.Threading.Thread.Abort(Object stateInfo)
   at System.Web.HttpResponse.AbortCurrentThread()
   at IMPALWeb.Reports.Finance.General_Ledger.GeneralLedgerHoLive.ExportDataSetToExcel(DataSet ds, String strReportName) in E:\Ashok\Builds\IMPAL_Source_Latest_Online\IMPALWeb\HOreports\Finance\General Ledger\GeneralLedgerHoLive.aspx.cs:line 572
   at IMPALWeb.Reports.Finance.General_Ledger.GeneralLedgerHoLive.btnReport_Click(Object sender, EventArgs e) in E:\Ashok\Builds\IMPAL_Source_Latest_Online\IMPALWeb\HOreports\Finance\General Ledger\GeneralLedgerHoLive.aspx.cs:line 524

 2023-11-21 16:48:31,515   [6]   ERROR  WriteException  IMPALWeb.Reports.Finance.General_Ledger.GeneralLedgerHoLive 
System.Threading.ThreadAbortException: Thread was being aborted.
   at System.Threading.Thread.AbortInternal()
   at System.Threading.Thread.Abort(Object stateInfo)
   at System.Web.HttpResponse.AbortCurrentThread()
   at IMPALWeb.Reports.Finance.General_Ledger.GeneralLedgerHoLive.ExportDataSetToExcel(DataSet ds, String strReportName) in E:\Ashok\Builds\IMPAL_Source_Latest_Online\IMPALWeb\HOreports\Finance\General Ledger\GeneralLedgerHoLive.aspx.cs:line 572
   at IMPALWeb.Reports.Finance.General_Ledger.GeneralLedgerHoLive.btnReport_Click(Object sender, EventArgs e) in E:\Ashok\Builds\IMPAL_Source_Latest_Online\IMPALWeb\HOreports\Finance\General Ledger\GeneralLedgerHoLive.aspx.cs:line 524

 2023-11-21 16:50:13,601   [20]   ERROR  WriteException  IMPALWeb.Reports.Finance.General_Ledger.GeneralLedgerHoLive 
System.Threading.ThreadAbortException: Thread was being aborted.
   at System.Threading.Thread.AbortInternal()
   at System.Threading.Thread.Abort(Object stateInfo)
   at System.Web.HttpResponse.AbortCurrentThread()
   at IMPALWeb.Reports.Finance.General_Ledger.GeneralLedgerHoLive.ExportDataSetToExcel(DataSet ds, String strReportName) in E:\Ashok\Builds\IMPAL_Source_Latest_Online\IMPALWeb\HOreports\Finance\General Ledger\GeneralLedgerHoLive.aspx.cs:line 572
   at IMPALWeb.Reports.Finance.General_Ledger.GeneralLedgerHoLive.btnReport_Click(Object sender, EventArgs e) in E:\Ashok\Builds\IMPAL_Source_Latest_Online\IMPALWeb\HOreports\Finance\General Ledger\GeneralLedgerHoLive.aspx.cs:line 524

 2023-11-21 17:07:19,120   [30]   ERROR  WriteException  IMPALLibrary.Masters.Finance 
System.Data.SqlClient.SqlException (0x80131904): Invalid object name '#outstanding_GL_HO'.
   at System.Data.SqlClient.SqlConnection.OnError(SqlException exception, Boolean breakConnection, Action`1 wrapCloseInAction)
   at System.Data.SqlClient.TdsParser.ThrowExceptionAndWarning(TdsParserStateObject stateObj, Boolean callerHasConnectionLock, Boolean asyncClose)
   at System.Data.SqlClient.TdsParser.TryRun(RunBehavior runBehavior, SqlCommand cmdHandler, SqlDataReader dataStream, BulkCopySimpleResultSet bulkCopyHandler, TdsParserStateObject stateObj, Boolean& dataReady)
   at System.Data.SqlClient.SqlCommand.FinishExecuteReader(SqlDataReader ds, RunBehavior runBehavior, String resetOptionsString, Boolean isInternal, Boolean forDescribeParameterEncryption, Boolean shouldCacheForAlwaysEncrypted)
   at System.Data.SqlClient.SqlCommand.RunExecuteReaderTds(CommandBehavior cmdBehavior, RunBehavior runBehavior, Boolean returnStream, Boolean async, Int32 timeout, Task& task, Boolean asyncWrite, Boolean inRetry, SqlDataReader ds, Boolean describeParameterEncryptionRequest)
   at System.Data.SqlClient.SqlCommand.RunExecuteReader(CommandBehavior cmdBehavior, RunBehavior runBehavior, Boolean returnStream, String method, TaskCompletionSource`1 completion, Int32 timeout, Task& task, Boolean& usedCache, Boolean asyncWrite, Boolean inRetry)
   at System.Data.SqlClient.SqlCommand.InternalExecuteNonQuery(TaskCompletionSource`1 completion, String methodName, Boolean sendToPipe, Int32 timeout, Boolean& usedCache, Boolean asyncWrite, Boolean inRetry)
   at System.Data.SqlClient.SqlCommand.ExecuteNonQuery()
   at Microsoft.Practices.EnterpriseLibrary.Data.Database.DoExecuteNonQuery(DbCommand command)
   at Microsoft.Practices.EnterpriseLibrary.Data.Database.ExecuteNonQuery(DbCommand command)
   at IMPALLibrary.Masters.Finance.CalculateGeneralLedgerHoLive(FinanceProp Prop) in E:\Ashok\Builds\IMPAL_Source_Latest_Online\IMPALLibrary\Masters\Finance\Finance.cs:line 945
ClientConnectionId:35a93485-9e9e-4ebd-ba13-de3c429824d7
Error Number:208,State:0,Class:16

 2023-11-21 17:07:19,175   [30]   ERROR  WriteException  IMPALWeb.Reports.Finance.General_Ledger.GeneralLedgerHoLive 
System.Data.SqlClient.SqlException (0x80131904): Invalid object name '#outstanding_GL_HO'.
   at IMPALLibrary.Log.WriteException(Type Source, Exception exp) in E:\Ashok\Builds\IMPAL_Source_Latest_Online\IMPALLibrary\ApplicationLog\LogHandler.cs:line 44
   at IMPALLibrary.Masters.Finance.CalculateGeneralLedgerHoLive(FinanceProp Prop) in E:\Ashok\Builds\IMPAL_Source_Latest_Online\IMPALLibrary\Masters\Finance\Finance.cs:line 949
   at IMPALWeb.Reports.Finance.General_Ledger.GeneralLedgerHoLive.CallReport() in E:\Ashok\Builds\IMPAL_Source_Latest_Online\IMPALWeb\HOreports\Finance\General Ledger\GeneralLedgerHoLive.aspx.cs:line 128
ClientConnectionId:35a93485-9e9e-4ebd-ba13-de3c429824d7
Error Number:208,State:0,Class:16

 2023-11-21 17:07:19,204   [30]   ERROR  WriteException  IMPALWeb.Reports.Finance.General_Ledger.GeneralLedgerHoLive 
System.Data.SqlClient.SqlException (0x80131904): Invalid object name '#outstanding_GL_HO'.
   at IMPALLibrary.Log.WriteException(Type Source, Exception exp) in E:\Ashok\Builds\IMPAL_Source_Latest_Online\IMPALLibrary\ApplicationLog\LogHandler.cs:line 44
   at IMPALWeb.Reports.Finance.General_Ledger.GeneralLedgerHoLive.CallReport() in E:\Ashok\Builds\IMPAL_Source_Latest_Online\IMPALWeb\HOreports\Finance\General Ledger\GeneralLedgerHoLive.aspx.cs:line 133
   at IMPALWeb.Reports.Finance.General_Ledger.GeneralLedgerHoLive.btnReport_Click(Object sender, EventArgs e) in E:\Ashok\Builds\IMPAL_Source_Latest_Online\IMPALWeb\HOreports\Finance\General Ledger\GeneralLedgerHoLive.aspx.cs:line 489
ClientConnectionId:35a93485-9e9e-4ebd-ba13-de3c429824d7
Error Number:208,State:0,Class:16

 2023-11-21 17:10:47,477   [7]   ERROR  WriteException  IMPALLibrary.Masters.Finance 
System.Data.SqlClient.SqlException (0x80131904): Invalid object name '#outstanding_GL_HO'.
   at System.Data.SqlClient.SqlConnection.OnError(SqlException exception, Boolean breakConnection, Action`1 wrapCloseInAction)
   at System.Data.SqlClient.TdsParser.ThrowExceptionAndWarning(TdsParserStateObject stateObj, Boolean callerHasConnectionLock, Boolean asyncClose)
   at System.Data.SqlClient.TdsParser.TryRun(RunBehavior runBehavior, SqlCommand cmdHandler, SqlDataReader dataStream, BulkCopySimpleResultSet bulkCopyHandler, TdsParserStateObject stateObj, Boolean& dataReady)
   at System.Data.SqlClient.SqlCommand.FinishExecuteReader(SqlDataReader ds, RunBehavior runBehavior, String resetOptionsString, Boolean isInternal, Boolean forDescribeParameterEncryption, Boolean shouldCacheForAlwaysEncrypted)
   at System.Data.SqlClient.SqlCommand.RunExecuteReaderTds(CommandBehavior cmdBehavior, RunBehavior runBehavior, Boolean returnStream, Boolean async, Int32 timeout, Task& task, Boolean asyncWrite, Boolean inRetry, SqlDataReader ds, Boolean describeParameterEncryptionRequest)
   at System.Data.SqlClient.SqlCommand.RunExecuteReader(CommandBehavior cmdBehavior, RunBehavior runBehavior, Boolean returnStream, String method, TaskCompletionSource`1 completion, Int32 timeout, Task& task, Boolean& usedCache, Boolean asyncWrite, Boolean inRetry)
   at System.Data.SqlClient.SqlCommand.InternalExecuteNonQuery(TaskCompletionSource`1 completion, String methodName, Boolean sendToPipe, Int32 timeout, Boolean& usedCache, Boolean asyncWrite, Boolean inRetry)
   at System.Data.SqlClient.SqlCommand.ExecuteNonQuery()
   at Microsoft.Practices.EnterpriseLibrary.Data.Database.DoExecuteNonQuery(DbCommand command)
   at Microsoft.Practices.EnterpriseLibrary.Data.Database.ExecuteNonQuery(DbCommand command)
   at IMPALLibrary.Masters.Finance.CalculateGeneralLedgerHoLive(FinanceProp Prop) in E:\Ashok\Builds\IMPAL_Source_Latest_Online\IMPALLibrary\Masters\Finance\Finance.cs:line 945
ClientConnectionId:35a93485-9e9e-4ebd-ba13-de3c429824d7
Error Number:208,State:0,Class:16

 2023-11-21 17:10:47,505   [7]   ERROR  WriteException  IMPALWeb.Reports.Finance.General_Ledger.GeneralLedgerHoLive 
System.Data.SqlClient.SqlException (0x80131904): Invalid object name '#outstanding_GL_HO'.
   at IMPALLibrary.Log.WriteException(Type Source, Exception exp) in E:\Ashok\Builds\IMPAL_Source_Latest_Online\IMPALLibrary\ApplicationLog\LogHandler.cs:line 44
   at IMPALLibrary.Masters.Finance.CalculateGeneralLedgerHoLive(FinanceProp Prop) in E:\Ashok\Builds\IMPAL_Source_Latest_Online\IMPALLibrary\Masters\Finance\Finance.cs:line 949
   at IMPALWeb.Reports.Finance.General_Ledger.GeneralLedgerHoLive.CallReport() in E:\Ashok\Builds\IMPAL_Source_Latest_Online\IMPALWeb\HOreports\Finance\General Ledger\GeneralLedgerHoLive.aspx.cs:line 128
ClientConnectionId:35a93485-9e9e-4ebd-ba13-de3c429824d7
Error Number:208,State:0,Class:16

 2023-11-21 17:10:47,535   [7]   ERROR  WriteException  IMPALWeb.Reports.Finance.General_Ledger.GeneralLedgerHoLive 
System.Data.SqlClient.SqlException (0x80131904): Invalid object name '#outstanding_GL_HO'.
   at IMPALLibrary.Log.WriteException(Type Source, Exception exp) in E:\Ashok\Builds\IMPAL_Source_Latest_Online\IMPALLibrary\ApplicationLog\LogHandler.cs:line 44
   at IMPALWeb.Reports.Finance.General_Ledger.GeneralLedgerHoLive.CallReport() in E:\Ashok\Builds\IMPAL_Source_Latest_Online\IMPALWeb\HOreports\Finance\General Ledger\GeneralLedgerHoLive.aspx.cs:line 133
   at IMPALWeb.Reports.Finance.General_Ledger.GeneralLedgerHoLive.btnReport_Click(Object sender, EventArgs e) in E:\Ashok\Builds\IMPAL_Source_Latest_Online\IMPALWeb\HOreports\Finance\General Ledger\GeneralLedgerHoLive.aspx.cs:line 489
ClientConnectionId:35a93485-9e9e-4ebd-ba13-de3c429824d7
Error Number:208,State:0,Class:16

 2023-11-21 17:12:39,598   [30]   ERROR  WriteException  IMPALLibrary.Masters.Finance 
System.Data.SqlClient.SqlException (0x80131904): Invalid object name '#outstanding_GL_HO'.
   at System.Data.SqlClient.SqlConnection.OnError(SqlException exception, Boolean breakConnection, Action`1 wrapCloseInAction)
   at System.Data.SqlClient.TdsParser.ThrowExceptionAndWarning(TdsParserStateObject stateObj, Boolean callerHasConnectionLock, Boolean asyncClose)
   at System.Data.SqlClient.TdsParser.TryRun(RunBehavior runBehavior, SqlCommand cmdHandler, SqlDataReader dataStream, BulkCopySimpleResultSet bulkCopyHandler, TdsParserStateObject stateObj, Boolean& dataReady)
   at System.Data.SqlClient.SqlCommand.FinishExecuteReader(SqlDataReader ds, RunBehavior runBehavior, String resetOptionsString, Boolean isInternal, Boolean forDescribeParameterEncryption, Boolean shouldCacheForAlwaysEncrypted)
   at System.Data.SqlClient.SqlCommand.RunExecuteReaderTds(CommandBehavior cmdBehavior, RunBehavior runBehavior, Boolean returnStream, Boolean async, Int32 timeout, Task& task, Boolean asyncWrite, Boolean inRetry, SqlDataReader ds, Boolean describeParameterEncryptionRequest)
   at System.Data.SqlClient.SqlCommand.RunExecuteReader(CommandBehavior cmdBehavior, RunBehavior runBehavior, Boolean returnStream, String method, TaskCompletionSource`1 completion, Int32 timeout, Task& task, Boolean& usedCache, Boolean asyncWrite, Boolean inRetry)
   at System.Data.SqlClient.SqlCommand.InternalExecuteNonQuery(TaskCompletionSource`1 completion, String methodName, Boolean sendToPipe, Int32 timeout, Boolean& usedCache, Boolean asyncWrite, Boolean inRetry)
   at System.Data.SqlClient.SqlCommand.ExecuteNonQuery()
   at Microsoft.Practices.EnterpriseLibrary.Data.Database.DoExecuteNonQuery(DbCommand command)
   at Microsoft.Practices.EnterpriseLibrary.Data.Database.ExecuteNonQuery(DbCommand command)
   at IMPALLibrary.Masters.Finance.CalculateGeneralLedgerHoLive(FinanceProp Prop) in E:\Ashok\Builds\IMPAL_Source_Latest_Online\IMPALLibrary\Masters\Finance\Finance.cs:line 945
ClientConnectionId:35a93485-9e9e-4ebd-ba13-de3c429824d7
Error Number:208,State:0,Class:16

 2023-11-21 17:12:39,628   [30]   ERROR  WriteException  IMPALWeb.Reports.Finance.General_Ledger.GeneralLedgerHoLive 
System.Data.SqlClient.SqlException (0x80131904): Invalid object name '#outstanding_GL_HO'.
   at IMPALLibrary.Log.WriteException(Type Source, Exception exp) in E:\Ashok\Builds\IMPAL_Source_Latest_Online\IMPALLibrary\ApplicationLog\LogHandler.cs:line 44
   at IMPALLibrary.Masters.Finance.CalculateGeneralLedgerHoLive(FinanceProp Prop) in E:\Ashok\Builds\IMPAL_Source_Latest_Online\IMPALLibrary\Masters\Finance\Finance.cs:line 949
   at IMPALWeb.Reports.Finance.General_Ledger.GeneralLedgerHoLive.CallReport() in E:\Ashok\Builds\IMPAL_Source_Latest_Online\IMPALWeb\HOreports\Finance\General Ledger\GeneralLedgerHoLive.aspx.cs:line 128
ClientConnectionId:35a93485-9e9e-4ebd-ba13-de3c429824d7
Error Number:208,State:0,Class:16

 2023-11-21 17:12:39,657   [30]   ERROR  WriteException  IMPALWeb.Reports.Finance.General_Ledger.GeneralLedgerHoLive 
System.Data.SqlClient.SqlException (0x80131904): Invalid object name '#outstanding_GL_HO'.
   at IMPALLibrary.Log.WriteException(Type Source, Exception exp) in E:\Ashok\Builds\IMPAL_Source_Latest_Online\IMPALLibrary\ApplicationLog\LogHandler.cs:line 44
   at IMPALWeb.Reports.Finance.General_Ledger.GeneralLedgerHoLive.CallReport() in E:\Ashok\Builds\IMPAL_Source_Latest_Online\IMPALWeb\HOreports\Finance\General Ledger\GeneralLedgerHoLive.aspx.cs:line 133
   at IMPALWeb.Reports.Finance.General_Ledger.GeneralLedgerHoLive.btnReport_Click(Object sender, EventArgs e) in E:\Ashok\Builds\IMPAL_Source_Latest_Online\IMPALWeb\HOreports\Finance\General Ledger\GeneralLedgerHoLive.aspx.cs:line 489
ClientConnectionId:35a93485-9e9e-4ebd-ba13-de3c429824d7
Error Number:208,State:0,Class:16

 2023-11-21 17:19:18,432   [15]   ERROR  WriteException  IMPALWeb.Reports.Finance.General_Ledger.GeneralLedgerHoLive 
System.Threading.ThreadAbortException: Thread was being aborted.
   at System.Threading.Thread.AbortInternal()
   at System.Threading.Thread.Abort(Object stateInfo)
   at System.Web.HttpResponse.AbortCurrentThread()
   at IMPALWeb.Reports.Finance.General_Ledger.GeneralLedgerHoLive.ExportDataSetToExcel(DataSet ds, String strReportName) in E:\Ashok\Builds\IMPAL_Source_Latest_Online\IMPALWeb\HOreports\Finance\General Ledger\GeneralLedgerHoLive.aspx.cs:line 546
   at IMPALWeb.Reports.Finance.General_Ledger.GeneralLedgerHoLive.btnReport_Click(Object sender, EventArgs e) in E:\Ashok\Builds\IMPAL_Source_Latest_Online\IMPALWeb\HOreports\Finance\General Ledger\GeneralLedgerHoLive.aspx.cs:line 498

 2023-11-21 17:20:14,762   [8]   ERROR  WriteException  IMPALWeb.Reports.Finance.General_Ledger.GeneralLedgerHoLive 
System.IndexOutOfRangeException: Cannot find table 0.
   at System.Data.DataTableCollection.get_Item(Int32 index)
   at IMPALWeb.Reports.Finance.General_Ledger.GeneralLedgerHoLive.btnReport_Click(Object sender, EventArgs e) in E:\Ashok\Builds\IMPAL_Source_Latest_Online\IMPALWeb\HOreports\Finance\General Ledger\GeneralLedgerHoLive.aspx.cs:line 496

 2023-11-21 17:21:00,222   [8]   ERROR  WriteException  IMPALWeb.Reports.Finance.General_Ledger.GeneralLedgerHoLive 
System.Threading.ThreadAbortException: Thread was being aborted.
   at System.Threading.Thread.AbortInternal()
   at System.Threading.Thread.Abort(Object stateInfo)
   at System.Web.HttpResponse.AbortCurrentThread()
   at IMPALWeb.Reports.Finance.General_Ledger.GeneralLedgerHoLive.ExportDataSetToExcel(DataSet ds, String strReportName) in E:\Ashok\Builds\IMPAL_Source_Latest_Online\IMPALWeb\HOreports\Finance\General Ledger\GeneralLedgerHoLive.aspx.cs:line 546
   at IMPALWeb.Reports.Finance.General_Ledger.GeneralLedgerHoLive.btnReport_Click(Object sender, EventArgs e) in E:\Ashok\Builds\IMPAL_Source_Latest_Online\IMPALWeb\HOreports\Finance\General Ledger\GeneralLedgerHoLive.aspx.cs:line 498

 2023-11-21 18:08:10,810   [9]   ERROR  WriteException  IMPALLibrary.Masters.Finance 
System.Data.SqlClient.SqlException (0x80131904): Invalid object name 'Impal_Archive.dbo.general_ledger_detail_archive'.
   at System.Data.SqlClient.SqlConnection.OnError(SqlException exception, Boolean breakConnection, Action`1 wrapCloseInAction)
   at System.Data.SqlClient.TdsParser.ThrowExceptionAndWarning(TdsParserStateObject stateObj, Boolean callerHasConnectionLock, Boolean asyncClose)
   at System.Data.SqlClient.TdsParser.TryRun(RunBehavior runBehavior, SqlCommand cmdHandler, SqlDataReader dataStream, BulkCopySimpleResultSet bulkCopyHandler, TdsParserStateObject stateObj, Boolean& dataReady)
   at System.Data.SqlClient.SqlCommand.FinishExecuteReader(SqlDataReader ds, RunBehavior runBehavior, String resetOptionsString, Boolean isInternal, Boolean forDescribeParameterEncryption, Boolean shouldCacheForAlwaysEncrypted)
   at System.Data.SqlClient.SqlCommand.RunExecuteReaderTds(CommandBehavior cmdBehavior, RunBehavior runBehavior, Boolean returnStream, Boolean async, Int32 timeout, Task& task, Boolean asyncWrite, Boolean inRetry, SqlDataReader ds, Boolean describeParameterEncryptionRequest)
   at System.Data.SqlClient.SqlCommand.RunExecuteReader(CommandBehavior cmdBehavior, RunBehavior runBehavior, Boolean returnStream, String method, TaskCompletionSource`1 completion, Int32 timeout, Task& task, Boolean& usedCache, Boolean asyncWrite, Boolean inRetry)
   at System.Data.SqlClient.SqlCommand.InternalExecuteNonQuery(TaskCompletionSource`1 completion, String methodName, Boolean sendToPipe, Int32 timeout, Boolean& usedCache, Boolean asyncWrite, Boolean inRetry)
   at System.Data.SqlClient.SqlCommand.ExecuteNonQuery()
   at Microsoft.Practices.EnterpriseLibrary.Data.Database.DoExecuteNonQuery(DbCommand command)
   at Microsoft.Practices.EnterpriseLibrary.Data.Database.ExecuteNonQuery(DbCommand command)
   at IMPALLibrary.Masters.Finance.CalculateGeneralLedgerBackUp(FinanceProp Prop) in E:\Ashok\Builds\IMPAL_Source_Latest_Online\IMPALLibrary\Masters\Finance\Finance.cs:line 811
ClientConnectionId:1a324502-6308-4143-9228-c0f00e5ffbc0
Error Number:208,State:1,Class:16

 2023-11-21 18:08:10,912   [9]   ERROR  WriteException  IMPALWeb.Reports.Finance.General_Ledger.GeneralLedgerBackUp 
System.Data.SqlClient.SqlException (0x80131904): Invalid object name 'Impal_Archive.dbo.general_ledger_detail_archive'.
   at IMPALLibrary.Log.WriteException(Type Source, Exception exp) in E:\Ashok\Builds\IMPAL_Source_Latest_Online\IMPALLibrary\ApplicationLog\LogHandler.cs:line 44
   at IMPALLibrary.Masters.Finance.CalculateGeneralLedgerBackUp(FinanceProp Prop) in E:\Ashok\Builds\IMPAL_Source_Latest_Online\IMPALLibrary\Masters\Finance\Finance.cs:line 828
   at IMPALWeb.Reports.Finance.General_Ledger.GeneralLedgerBackUp.CallCrystalReport() in E:\Ashok\Builds\IMPAL_Source_Latest_Online\IMPALWeb\Reports\Finance\General Ledger\GeneralLedgerBackUp.aspx.cs:line 150
ClientConnectionId:1a324502-6308-4143-9228-c0f00e5ffbc0
Error Number:208,State:1,Class:16
