
 2023-11-29 14:36:47,496   [20]   ERROR  WriteException  IMPALLibrary.Masters.Finance 
System.Data.SqlClient.SqlException (0x80131904): Invalid column name 'Supplier_Code'.
Invalid column name 'Group_Supplier_Code'.
   at System.Data.SqlClient.SqlConnection.OnError(SqlException exception, Boolean breakConnection, Action`1 wrapCloseInAction)
   at System.Data.SqlClient.TdsParser.ThrowExceptionAndWarning(TdsParserStateObject stateObj, Boolean callerHasConnectionLock, Boolean asyncClose)
   at System.Data.SqlClient.TdsParser.TryRun(RunBehavior runBehavior, SqlCommand cmdHandler, SqlDataReader dataStream, BulkCopySimpleResultSet bulkCopyHandler, TdsParserStateObject stateObj, Boolean& dataReady)
   at System.Data.SqlClient.SqlDataReader.TryConsumeMetaData()
   at System.Data.SqlClient.SqlDataReader.get_MetaData()
   at System.Data.SqlClient.SqlCommand.FinishExecuteReader(SqlDataReader ds, RunBehavior runBehavior, String resetOptionsString, Boolean isInternal, Boolean forDescribeParameterEncryption, Boolean shouldCacheForAlwaysEncrypted)
   at System.Data.SqlClient.SqlCommand.RunExecuteReaderTds(CommandBehavior cmdBehavior, RunBehavior runBehavior, Boolean returnStream, Boolean async, Int32 timeout, Task& task, Boolean asyncWrite, Boolean inRetry, SqlDataReader ds, Boolean describeParameterEncryptionRequest)
   at System.Data.SqlClient.SqlCommand.RunExecuteReader(CommandBehavior cmdBehavior, RunBehavior runBehavior, Boolean returnStream, String method, TaskCompletionSource`1 completion, Int32 timeout, Task& task, Boolean& usedCache, Boolean asyncWrite, Boolean inRetry)
   at System.Data.SqlClient.SqlCommand.RunExecuteReader(CommandBehavior cmdBehavior, RunBehavior runBehavior, Boolean returnStream, String method)
   at System.Data.SqlClient.SqlCommand.ExecuteReader(CommandBehavior behavior, String method)
   at System.Data.Common.DbDataAdapter.FillInternal(DataSet dataset, DataTable[] datatables, Int32 startRecord, Int32 maxRecords, String srcTable, IDbCommand command, CommandBehavior behavior)
   at System.Data.Common.DbDataAdapter.Fill(DataSet dataSet, Int32 startRecord, Int32 maxRecords, String srcTable, IDbCommand command, CommandBehavior behavior)
   at System.Data.Common.DbDataAdapter.Fill(DataSet dataSet)
   at Microsoft.Practices.EnterpriseLibrary.Data.Database.DoLoadDataSet(IDbCommand command, DataSet dataSet, String[] tableNames)
   at Microsoft.Practices.EnterpriseLibrary.Data.Database.LoadDataSet(DbCommand command, DataSet dataSet, String[] tableNames)
   at Microsoft.Practices.EnterpriseLibrary.Data.Database.ExecuteDataSet(DbCommand command)
   at IMPALLibrary.Masters.Finance.CalculateGeneralLedgerHoLive(FinanceProp Prop, String ZoneCode, String StateCode, String BranchCode) in E:\Ashok\Builds\IMPAL_Source_Latest_Online\IMPALLibrary\Masters\Finance\Finance.cs:line 936
ClientConnectionId:89135150-3d2b-4661-9eae-3c21c7c2c1b9
Error Number:207,State:1,Class:16

 2023-11-29 14:36:47,564   [20]   ERROR  WriteException  IMPALWeb.Reports.Finance.General_Ledger.GeneralLedgerHoLive 
System.Data.SqlClient.SqlException (0x80131904): Invalid column name 'Supplier_Code'.
Invalid column name 'Group_Supplier_Code'.
   at IMPALLibrary.Log.WriteException(Type Source, Exception exp) in E:\Ashok\Builds\IMPAL_Source_Latest_Online\IMPALLibrary\ApplicationLog\LogHandler.cs:line 44
   at IMPALLibrary.Masters.Finance.CalculateGeneralLedgerHoLive(FinanceProp Prop, String ZoneCode, String StateCode, String BranchCode) in E:\Ashok\Builds\IMPAL_Source_Latest_Online\IMPALLibrary\Masters\Finance\Finance.cs:line 940
   at IMPALWeb.Reports.Finance.General_Ledger.GeneralLedgerHoLive.btnReport_Click(Object sender, EventArgs e) in E:\Ashok\Builds\IMPAL_Source_Latest_Online\IMPALWeb\HOreports\Finance\General Ledger\GeneralLedgerHoLive.aspx.cs:line 521
ClientConnectionId:89135150-3d2b-4661-9eae-3c21c7c2c1b9
Error Number:207,State:1,Class:16

 2023-11-29 14:38:48,261   [13]   ERROR  WriteException  IMPALWeb.Reports.Finance.General_Ledger.GeneralLedgerHoLive 
System.Threading.ThreadAbortException: Thread was being aborted.
   at System.Threading.Thread.AbortInternal()
   at System.Threading.Thread.Abort(Object stateInfo)
   at System.Web.HttpResponse.AbortCurrentThread()
   at IMPALWeb.Reports.Finance.General_Ledger.GeneralLedgerHoLive.ExportDataSetToExcel(DataSet ds, String strReportName) in E:\Ashok\Builds\IMPAL_Source_Latest_Online\IMPALWeb\HOreports\Finance\General Ledger\GeneralLedgerHoLive.aspx.cs:line 588
   at IMPALWeb.Reports.Finance.General_Ledger.GeneralLedgerHoLive.btnReport_Click(Object sender, EventArgs e) in E:\Ashok\Builds\IMPAL_Source_Latest_Online\IMPALWeb\HOreports\Finance\General Ledger\GeneralLedgerHoLive.aspx.cs:line 540

 2023-11-29 14:41:41,037   [10]   ERROR  WriteException  IMPALWeb.Reports.Finance.General_Ledger.GeneralLedgerHoLive 
System.IndexOutOfRangeException: Cannot find table 0.
   at System.Data.DataTableCollection.get_Item(Int32 index)
   at IMPALWeb.Reports.Finance.General_Ledger.GeneralLedgerHoLive.btnReport_Click(Object sender, EventArgs e) in E:\Ashok\Builds\IMPAL_Source_Latest_Online\IMPALWeb\HOreports\Finance\General Ledger\GeneralLedgerHoLive.aspx.cs:line 538

 2023-11-29 15:10:37,122   [43]   ERROR  WriteException  IMPALWeb.Reports.Finance.General_Ledger.GeneralLedgerHoLive 
System.Threading.ThreadAbortException: Thread was being aborted.
   at System.Threading.Thread.AbortInternal()
   at System.Threading.Thread.Abort(Object stateInfo)
   at System.Web.HttpResponse.AbortCurrentThread()
   at IMPALWeb.Reports.Finance.General_Ledger.GeneralLedgerHoLive.ExportDataSetToExcel(DataSet ds, String strReportName) in E:\Ashok\Builds\IMPAL_Source_Latest_Online\IMPALWeb\HOreports\Finance\General Ledger\GeneralLedgerHoLive.aspx.cs:line 588
   at IMPALWeb.Reports.Finance.General_Ledger.GeneralLedgerHoLive.btnReport_Click(Object sender, EventArgs e) in E:\Ashok\Builds\IMPAL_Source_Latest_Online\IMPALWeb\HOreports\Finance\General Ledger\GeneralLedgerHoLive.aspx.cs:line 540

 2023-11-29 16:15:24,657   [85]   ERROR  WriteException  IMPALWeb.Main 
System.Configuration.ConfigurationErrorsException: The XML sitemap config file web.sitemap could not be loaded.  'true' is an unexpected token. Expecting white space. Line 300, position 182. (E:\Ashok\Builds\IMPAL_Source_Latest_Online\IMPALWeb\web.sitemap line 300) ---> System.Xml.XmlException: 'true' is an unexpected token. Expecting white space. Line 300, position 182.
   at System.Xml.XmlTextReaderImpl.Throw(Exception e)
   at System.Xml.XmlTextReaderImpl.ParseAttributes()
   at System.Xml.XmlTextReaderImpl.ParseElement()
   at System.Xml.XmlTextReaderImpl.ParseElementContent()
   at System.Xml.XmlLoader.LoadNode(Boolean skipOverWhitespace)
   at System.Xml.XmlLoader.LoadDocSequence(XmlDocument parentDoc)
   at System.Xml.XmlDocument.Load(XmlReader reader)
   at System.Web.XmlSiteMapProvider.BuildSiteMap()
   --- End of inner exception stack trace ---
   at System.Web.XmlSiteMapProvider.BuildSiteMap()
   at System.Web.XmlSiteMapProvider.get_RootNode()
   at System.Web.SiteMap.get_RootNode()
   at IMPALWeb.Main.LoadAccordionTreeViewMenu() in E:\Ashok\Builds\IMPAL_Source_Latest_Online\IMPALWeb\Main.Master.cs:line 188

 2023-11-29 16:15:24,693   [85]   ERROR  WriteException  IMPALWeb.Main 
System.Configuration.ConfigurationErrorsException: The XML sitemap config file web.sitemap could not be loaded.  'true' is an unexpected token. Expecting white space. Line 300, position 182. (E:\Ashok\Builds\IMPAL_Source_Latest_Online\IMPALWeb\web.sitemap line 300) ---> System.Xml.XmlException: 'true' is an unexpected token. Expecting white space. Line 300, position 182.
   at System.Xml.XmlTextReaderImpl.Throw(Exception e)
   at System.Xml.XmlTextReaderImpl.ParseAttributes()
   at System.Xml.XmlTextReaderImpl.ParseElement()
   at System.Xml.XmlTextReaderImpl.ParseElementContent()
   at System.Xml.XmlLoader.LoadNode(Boolean skipOverWhitespace)
   at System.Xml.XmlLoader.LoadDocSequence(XmlDocument parentDoc)
   at System.Xml.XmlDocument.Load(XmlReader reader)
   at System.Web.XmlSiteMapProvider.BuildSiteMap()
   --- End of inner exception stack trace ---
   at IMPALLibrary.Log.WriteException(Type Source, Exception exp) in E:\Ashok\Builds\IMPAL_Source_Latest_Online\IMPALLibrary\ApplicationLog\LogHandler.cs:line 44
   at IMPALWeb.Main.LoadAccordionTreeViewMenu() in E:\Ashok\Builds\IMPAL_Source_Latest_Online\IMPALWeb\Main.Master.cs:line 311
   at IMPALWeb.Main.Page_Load(Object sender, EventArgs e) in E:\Ashok\Builds\IMPAL_Source_Latest_Online\IMPALWeb\Main.Master.cs:line 65

 2023-11-29 16:15:30,371   [91]   ERROR  WriteException  IMPALWeb.Main 
System.Configuration.ConfigurationErrorsException: The XML sitemap config file web.sitemap could not be loaded.  'true' is an unexpected token. Expecting white space. Line 300, position 182. (E:\Ashok\Builds\IMPAL_Source_Latest_Online\IMPALWeb\web.sitemap line 300) ---> System.Xml.XmlException: 'true' is an unexpected token. Expecting white space. Line 300, position 182.
   at System.Xml.XmlTextReaderImpl.Throw(Exception e)
   at System.Xml.XmlTextReaderImpl.ParseAttributes()
   at System.Xml.XmlTextReaderImpl.ParseElement()
   at System.Xml.XmlTextReaderImpl.ParseElementContent()
   at System.Xml.XmlLoader.LoadNode(Boolean skipOverWhitespace)
   at System.Xml.XmlLoader.LoadDocSequence(XmlDocument parentDoc)
   at System.Xml.XmlDocument.Load(XmlReader reader)
   at System.Web.XmlSiteMapProvider.BuildSiteMap()
   --- End of inner exception stack trace ---
   at System.Web.XmlSiteMapProvider.BuildSiteMap()
   at System.Web.XmlSiteMapProvider.get_RootNode()
   at System.Web.SiteMap.get_RootNode()
   at IMPALWeb.Main.LoadAccordionTreeViewMenu() in E:\Ashok\Builds\IMPAL_Source_Latest_Online\IMPALWeb\Main.Master.cs:line 188

 2023-11-29 16:15:30,404   [91]   ERROR  WriteException  IMPALWeb.Main 
System.Configuration.ConfigurationErrorsException: The XML sitemap config file web.sitemap could not be loaded.  'true' is an unexpected token. Expecting white space. Line 300, position 182. (E:\Ashok\Builds\IMPAL_Source_Latest_Online\IMPALWeb\web.sitemap line 300) ---> System.Xml.XmlException: 'true' is an unexpected token. Expecting white space. Line 300, position 182.
   at System.Xml.XmlTextReaderImpl.Throw(Exception e)
   at System.Xml.XmlTextReaderImpl.ParseAttributes()
   at System.Xml.XmlTextReaderImpl.ParseElement()
   at System.Xml.XmlTextReaderImpl.ParseElementContent()
   at System.Xml.XmlLoader.LoadNode(Boolean skipOverWhitespace)
   at System.Xml.XmlLoader.LoadDocSequence(XmlDocument parentDoc)
   at System.Xml.XmlDocument.Load(XmlReader reader)
   at System.Web.XmlSiteMapProvider.BuildSiteMap()
   --- End of inner exception stack trace ---
   at IMPALLibrary.Log.WriteException(Type Source, Exception exp) in E:\Ashok\Builds\IMPAL_Source_Latest_Online\IMPALLibrary\ApplicationLog\LogHandler.cs:line 44
   at IMPALWeb.Main.LoadAccordionTreeViewMenu() in E:\Ashok\Builds\IMPAL_Source_Latest_Online\IMPALWeb\Main.Master.cs:line 311
   at IMPALWeb.Main.Page_Load(Object sender, EventArgs e) in E:\Ashok\Builds\IMPAL_Source_Latest_Online\IMPALWeb\Main.Master.cs:line 65

 2023-11-29 16:15:31,825   [85]   ERROR  WriteException  IMPALWeb.Main 
System.Configuration.ConfigurationErrorsException: The XML sitemap config file web.sitemap could not be loaded.  'true' is an unexpected token. Expecting white space. Line 300, position 182. (E:\Ashok\Builds\IMPAL_Source_Latest_Online\IMPALWeb\web.sitemap line 300) ---> System.Xml.XmlException: 'true' is an unexpected token. Expecting white space. Line 300, position 182.
   at System.Xml.XmlTextReaderImpl.Throw(Exception e)
   at System.Xml.XmlTextReaderImpl.ParseAttributes()
   at System.Xml.XmlTextReaderImpl.ParseElement()
   at System.Xml.XmlTextReaderImpl.ParseElementContent()
   at System.Xml.XmlLoader.LoadNode(Boolean skipOverWhitespace)
   at System.Xml.XmlLoader.LoadDocSequence(XmlDocument parentDoc)
   at System.Xml.XmlDocument.Load(XmlReader reader)
   at System.Web.XmlSiteMapProvider.BuildSiteMap()
   --- End of inner exception stack trace ---
   at System.Web.XmlSiteMapProvider.BuildSiteMap()
   at System.Web.XmlSiteMapProvider.get_RootNode()
   at System.Web.SiteMap.get_RootNode()
   at IMPALWeb.Main.LoadAccordionTreeViewMenu() in E:\Ashok\Builds\IMPAL_Source_Latest_Online\IMPALWeb\Main.Master.cs:line 188

 2023-11-29 16:15:31,861   [85]   ERROR  WriteException  IMPALWeb.Main 
System.Configuration.ConfigurationErrorsException: The XML sitemap config file web.sitemap could not be loaded.  'true' is an unexpected token. Expecting white space. Line 300, position 182. (E:\Ashok\Builds\IMPAL_Source_Latest_Online\IMPALWeb\web.sitemap line 300) ---> System.Xml.XmlException: 'true' is an unexpected token. Expecting white space. Line 300, position 182.
   at System.Xml.XmlTextReaderImpl.Throw(Exception e)
   at System.Xml.XmlTextReaderImpl.ParseAttributes()
   at System.Xml.XmlTextReaderImpl.ParseElement()
   at System.Xml.XmlTextReaderImpl.ParseElementContent()
   at System.Xml.XmlLoader.LoadNode(Boolean skipOverWhitespace)
   at System.Xml.XmlLoader.LoadDocSequence(XmlDocument parentDoc)
   at System.Xml.XmlDocument.Load(XmlReader reader)
   at System.Web.XmlSiteMapProvider.BuildSiteMap()
   --- End of inner exception stack trace ---
   at IMPALLibrary.Log.WriteException(Type Source, Exception exp) in E:\Ashok\Builds\IMPAL_Source_Latest_Online\IMPALLibrary\ApplicationLog\LogHandler.cs:line 44
   at IMPALWeb.Main.LoadAccordionTreeViewMenu() in E:\Ashok\Builds\IMPAL_Source_Latest_Online\IMPALWeb\Main.Master.cs:line 311
   at IMPALWeb.Main.Page_Load(Object sender, EventArgs e) in E:\Ashok\Builds\IMPAL_Source_Latest_Online\IMPALWeb\Main.Master.cs:line 65

 2023-11-29 16:20:33,520   [76]   ERROR  WriteException  IMPALWeb.ECreditApplication 
System.Data.SqlClient.SqlException (0x80131904): Could not find stored procedure 'usp_GetCustDetails_EcreditForm'.
   at System.Data.SqlClient.SqlConnection.OnError(SqlException exception, Boolean breakConnection, Action`1 wrapCloseInAction)
   at System.Data.SqlClient.TdsParser.ThrowExceptionAndWarning(TdsParserStateObject stateObj, Boolean callerHasConnectionLock, Boolean asyncClose)
   at System.Data.SqlClient.TdsParser.TryRun(RunBehavior runBehavior, SqlCommand cmdHandler, SqlDataReader dataStream, BulkCopySimpleResultSet bulkCopyHandler, TdsParserStateObject stateObj, Boolean& dataReady)
   at System.Data.SqlClient.SqlDataReader.TryConsumeMetaData()
   at System.Data.SqlClient.SqlDataReader.get_MetaData()
   at System.Data.SqlClient.SqlCommand.FinishExecuteReader(SqlDataReader ds, RunBehavior runBehavior, String resetOptionsString, Boolean isInternal, Boolean forDescribeParameterEncryption, Boolean shouldCacheForAlwaysEncrypted)
   at System.Data.SqlClient.SqlCommand.RunExecuteReaderTds(CommandBehavior cmdBehavior, RunBehavior runBehavior, Boolean returnStream, Boolean async, Int32 timeout, Task& task, Boolean asyncWrite, Boolean inRetry, SqlDataReader ds, Boolean describeParameterEncryptionRequest)
   at System.Data.SqlClient.SqlCommand.RunExecuteReader(CommandBehavior cmdBehavior, RunBehavior runBehavior, Boolean returnStream, String method, TaskCompletionSource`1 completion, Int32 timeout, Task& task, Boolean& usedCache, Boolean asyncWrite, Boolean inRetry)
   at System.Data.SqlClient.SqlCommand.RunExecuteReader(CommandBehavior cmdBehavior, RunBehavior runBehavior, Boolean returnStream, String method)
   at System.Data.SqlClient.SqlCommand.ExecuteReader(CommandBehavior behavior, String method)
   at Microsoft.Practices.EnterpriseLibrary.Data.Database.DoExecuteReader(DbCommand command, CommandBehavior cmdBehavior)
   at Microsoft.Practices.EnterpriseLibrary.Data.Database.ExecuteReader(DbCommand command)
   at IMPALLibrary.Masters.ECreditFormCustTransactions.GetCustDetailsEcreditForm(String BranchCode, String CustomerCode) in E:\Ashok\Builds\IMPAL_Source_Latest_Online\IMPALLibrary\Masters\Customer\ECreditApplication.cs:line 412
   at IMPALWeb.ECreditApplication.ddlCustomerCode_SelectedIndexChanged(Object sender, EventArgs e) in E:\Ashok\Builds\IMPAL_Source_Latest_Online\IMPALWeb\Masters\Customer\EcreditApplication.aspx.cs:line 196
ClientConnectionId:7bdd7b54-706c-40b4-97c6-008c2a5d8cf6
Error Number:2812,State:62,Class:16

 2023-11-29 16:30:55,800   [85]   ERROR  WriteException  IMPALWeb.ECreditApplication 
System.Data.SqlClient.SqlException (0x80131904): Could not find stored procedure 'usp_GetCustDetails_EcreditForm'.
   at System.Data.SqlClient.SqlConnection.OnError(SqlException exception, Boolean breakConnection, Action`1 wrapCloseInAction)
   at System.Data.SqlClient.TdsParser.ThrowExceptionAndWarning(TdsParserStateObject stateObj, Boolean callerHasConnectionLock, Boolean asyncClose)
   at System.Data.SqlClient.TdsParser.TryRun(RunBehavior runBehavior, SqlCommand cmdHandler, SqlDataReader dataStream, BulkCopySimpleResultSet bulkCopyHandler, TdsParserStateObject stateObj, Boolean& dataReady)
   at System.Data.SqlClient.SqlDataReader.TryConsumeMetaData()
   at System.Data.SqlClient.SqlDataReader.get_MetaData()
   at System.Data.SqlClient.SqlCommand.FinishExecuteReader(SqlDataReader ds, RunBehavior runBehavior, String resetOptionsString, Boolean isInternal, Boolean forDescribeParameterEncryption, Boolean shouldCacheForAlwaysEncrypted)
   at System.Data.SqlClient.SqlCommand.RunExecuteReaderTds(CommandBehavior cmdBehavior, RunBehavior runBehavior, Boolean returnStream, Boolean async, Int32 timeout, Task& task, Boolean asyncWrite, Boolean inRetry, SqlDataReader ds, Boolean describeParameterEncryptionRequest)
   at System.Data.SqlClient.SqlCommand.RunExecuteReader(CommandBehavior cmdBehavior, RunBehavior runBehavior, Boolean returnStream, String method, TaskCompletionSource`1 completion, Int32 timeout, Task& task, Boolean& usedCache, Boolean asyncWrite, Boolean inRetry)
   at System.Data.SqlClient.SqlCommand.RunExecuteReader(CommandBehavior cmdBehavior, RunBehavior runBehavior, Boolean returnStream, String method)
   at System.Data.SqlClient.SqlCommand.ExecuteReader(CommandBehavior behavior, String method)
   at Microsoft.Practices.EnterpriseLibrary.Data.Database.DoExecuteReader(DbCommand command, CommandBehavior cmdBehavior)
   at Microsoft.Practices.EnterpriseLibrary.Data.Database.ExecuteReader(DbCommand command)
   at IMPALLibrary.Masters.ECreditFormCustTransactions.GetCustDetailsEcreditForm(String BranchCode, String CustomerCode) in E:\Ashok\Builds\IMPAL_Source_Latest_Online\IMPALLibrary\Masters\Customer\ECreditApplication.cs:line 412
   at IMPALWeb.ECreditApplication.ddlCustomerCode_SelectedIndexChanged(Object sender, EventArgs e) in E:\Ashok\Builds\IMPAL_Source_Latest_Online\IMPALWeb\Masters\Customer\EcreditApplication.aspx.cs:line 196
ClientConnectionId:04085e3a-2d8c-4ec8-900a-9b321668786f
Error Number:2812,State:62,Class:16

 2023-11-29 19:33:31,245   [80]   ERROR  WriteException  IMPALWeb.Ordering.Ord_DirectPurchaseOrderHO 
System.ArgumentException: Column 'Item_Value' does not belong to table Table.
   at System.Data.DataRow.GetDataColumn(String columnName)
   at System.Data.DataRow.get_Item(String columnName)
   at IMPALWeb.Ordering.Ord_DirectPurchaseOrderHO.BindGridItems() in E:\Ashok\Builds\IMPAL_Source_Latest_Online\IMPALWeb\Transactions\Ordering\DirectPurchaseOrderHO.aspx.cs:line 1005

 2023-11-29 19:33:31,312   [80]   ERROR  WriteException  IMPALWeb.Ordering.Ord_DirectPurchaseOrderHO 
System.ArgumentException: Column 'Item_Value' does not belong to table Table.
   at IMPALLibrary.Log.WriteException(Type Source, Exception exp) in E:\Ashok\Builds\IMPAL_Source_Latest_Online\IMPALLibrary\ApplicationLog\LogHandler.cs:line 44
   at IMPALWeb.Ordering.Ord_DirectPurchaseOrderHO.BindGridItems() in E:\Ashok\Builds\IMPAL_Source_Latest_Online\IMPALWeb\Transactions\Ordering\DirectPurchaseOrderHO.aspx.cs:line 1106
   at IMPALWeb.Ordering.Ord_DirectPurchaseOrderHO.ddlOrd_PONumber_SelectedIndexChanged(Object sender, EventArgs e) in E:\Ashok\Builds\IMPAL_Source_Latest_Online\IMPALWeb\Transactions\Ordering\DirectPurchaseOrderHO.aspx.cs:line 134
